<?xml version="1.0" encoding="UTF-8"?>
<!-- Generated by org.testng.reporters.JUnitReportReporter -->
<testsuite hostname="Jignasha" failures="0" tests="7" name="testCase.tc01" time="50.466" errors="0" timestamp="2023-04-11T11:48:33 IST" skipped="0">
  <testcase classname="testCase.tc01" name="verifyScrollDown" time="6.457"/>
  <system-out/>
  <testcase classname="testCase.tc01" name="verifyGetWindowHandle" time="7.005"/>
  <system-out/>
  <testcase classname="testCase.tc01" name="verifySearchBar" time="13.287"/>
  <system-out/>
  <testcase classname="testCase.tc01" name="verifyLoginWithValidCredential" time="6.153"/>
  <system-out/>
  <testcase classname="testCase.tc01" name="verifyCookiesHandle" time="4.777"/>
  <system-out/>
  <testcase classname="testCase.tc01" name="veryfyIFrame" time="8.185"/>
  <system-out/>
  <testcase classname="testCase.tc01" name="verifySelectInCheckBoxFunction" time="4.602"/>
  <system-out/>
</testsuite> <!-- testCase.tc01 -->
